<?xml version="1.0" encoding="UTF-8"?>
<!-- Generated by org.testng.reporters.JUnitReportReporter -->
<testsuite hostname="MANDEEPS-AORUS" failures="0" tests="1" name="testCases.TC_001_AccountRegistrationTest" time="0.837" errors="0" timestamp="2023-07-15T11:56:29 EDT" skipped="0">
  <testcase classname="testCases.TC_001_AccountRegistrationTest" name="test_account_Registration" time="0.837"/>
  <system-out/>
</testsuite> <!-- testCases.TC_001_AccountRegistrationTest -->
